{"E:\\OTT\\Movie-Lobby-OTT-API\\index.ts": {"path":"E:\\OTT\\Movie-Lobby-OTT-API\\index.ts","statementMap":{"0":{"start":{"line":1,"column":0},"end":{"line":1,"column":30}},"1":{"start":{"line":2,"column":0},"end":{"line":2,"column":32}},"2":{"start":{"line":3,"column":0},"end":{"line":3,"column":37}},"3":{"start":{"line":4,"column":0},"end":{"line":4,"column":45}},"4":{"start":{"line":5,"column":0},"end":{"line":5,"column":50}},"5":{"start":{"line":6,"column":0},"end":{"line":6,"column":47}},"6":{"start":{"line":8,"column":13},"end":{"line":8,"column":29}},"7":{"start":{"line":9,"column":13},"end":{"line":9,"column":17}},"8":{"start":{"line":11,"column":0},"end":{"line":11,"column":27}},"9":{"start":{"line":14,"column":0},"end":{"line":17,"column":3}},"10":{"start":{"line":20,"column":0},"end":{"line":20,"column":26}},"11":{"start":{"line":23,"column":0},"end":{"line":30,"column":3}},"12":{"start":{"line":23,"column":38},"end":{"line":30,"column":2}},"13":{"start":{"line":24,"column":4},"end":{"line":29,"column":5}},"14":{"start":{"line":25,"column":23},"end":{"line":25,"column":46}},"15":{"start":{"line":26,"column":8},"end":{"line":26,"column":25}},"16":{"start":{"line":28,"column":8},"end":{"line":28,"column":65}},"17":{"start":{"line":33,"column":0},"end":{"line":46,"column":3}},"18":{"start":{"line":33,"column":38},"end":{"line":46,"column":2}},"19":{"start":{"line":34,"column":26},"end":{"line":34,"column":47}},"20":{"start":{"line":35,"column":4},"end":{"line":45,"column":5}},"21":{"start":{"line":36,"column":23},"end":{"line":41,"column":10}},"22":{"start":{"line":42,"column":8},"end":{"line":42,"column":25}},"23":{"start":{"line":44,"column":8},"end":{"line":44,"column":65}},"24":{"start":{"line":48,"column":0},"end":{"line":55,"column":3}},"25":{"start":{"line":48,"column":62},"end":{"line":55,"column":2}},"26":{"start":{"line":49,"column":4},"end":{"line":54,"column":5}},"27":{"start":{"line":50,"column":25},"end":{"line":50,"column":58}},"28":{"start":{"line":51,"column":8},"end":{"line":51,"column":27}},"29":{"start":{"line":53,"column":8},"end":{"line":53,"column":65}},"30":{"start":{"line":57,"column":0},"end":{"line":68,"column":3}},"31":{"start":{"line":57,"column":65},"end":{"line":68,"column":2}},"32":{"start":{"line":58,"column":4},"end":{"line":67,"column":5}},"33":{"start":{"line":59,"column":29},"end":{"line":62,"column":null}},"34":{"start":{"line":64,"column":8},"end":{"line":64,"column":31}},"35":{"start":{"line":66,"column":8},"end":{"line":66,"column":65}},"36":{"start":{"line":70,"column":0},"end":{"line":77,"column":3}},"37":{"start":{"line":70,"column":68},"end":{"line":77,"column":2}},"38":{"start":{"line":71,"column":4},"end":{"line":76,"column":5}},"39":{"start":{"line":72,"column":8},"end":{"line":72,"column":58}},"40":{"start":{"line":73,"column":8},"end":{"line":73,"column":60}},"41":{"start":{"line":75,"column":8},"end":{"line":75,"column":65}},"42":{"start":{"line":80,"column":15},"end":{"line":82,"column":2}},"43":{"start":{"line":81,"column":4},"end":{"line":81,"column":53}},"44":{"start":{"line":84,"column":0},"end":{"line":84,"column":22}}},"fnMap":{"0":{"name":"(anonymous_8)","decl":{"start":{"line":23,"column":19},"end":{"line":23,"column":26}},"loc":{"start":{"line":23,"column":38},"end":{"line":30,"column":2}}},"1":{"name":"(anonymous_9)","decl":{"start":{"line":23,"column":38},"end":{"line":23,"column":null}},"loc":{"start":{"line":23,"column":38},"end":{"line":30,"column":1}}},"2":{"name":"(anonymous_10)","decl":{"start":{"line":33,"column":19},"end":{"line":33,"column":26}},"loc":{"start":{"line":33,"column":38},"end":{"line":46,"column":2}}},"3":{"name":"(anonymous_11)","decl":{"start":{"line":33,"column":38},"end":{"line":33,"column":null}},"loc":{"start":{"line":33,"column":38},"end":{"line":46,"column":1}}},"4":{"name":"(anonymous_12)","decl":{"start":{"line":48,"column":43},"end":{"line":48,"column":50}},"loc":{"start":{"line":48,"column":62},"end":{"line":55,"column":2}}},"5":{"name":"(anonymous_13)","decl":{"start":{"line":48,"column":62},"end":{"line":48,"column":null}},"loc":{"start":{"line":48,"column":62},"end":{"line":55,"column":1}}},"6":{"name":"(anonymous_14)","decl":{"start":{"line":57,"column":46},"end":{"line":57,"column":53}},"loc":{"start":{"line":57,"column":65},"end":{"line":68,"column":2}}},"7":{"name":"(anonymous_15)","decl":{"start":{"line":57,"column":65},"end":{"line":57,"column":null}},"loc":{"start":{"line":57,"column":65},"end":{"line":68,"column":1}}},"8":{"name":"(anonymous_16)","decl":{"start":{"line":70,"column":49},"end":{"line":70,"column":56}},"loc":{"start":{"line":70,"column":68},"end":{"line":77,"column":2}}},"9":{"name":"(anonymous_17)","decl":{"start":{"line":70,"column":68},"end":{"line":70,"column":null}},"loc":{"start":{"line":70,"column":68},"end":{"line":77,"column":1}}},"10":{"name":"(anonymous_18)","decl":{"start":{"line":80,"column":32},"end":{"line":80,"column":35}},"loc":{"start":{"line":80,"column":37},"end":{"line":82,"column":1}}}},"branchMap":{},"s":{"0":1,"1":1,"2":1,"3":1,"4":1,"5":1,"6":1,"7":1,"8":1,"9":1,"10":1,"11":1,"12":2,"13":2,"14":2,"15":1,"16":1,"17":1,"18":2,"19":2,"20":2,"21":2,"22":1,"23":1,"24":1,"25":2,"26":2,"27":2,"28":1,"29":1,"30":1,"31":2,"32":2,"33":2,"34":1,"35":1,"36":1,"37":2,"38":2,"39":2,"40":1,"41":1,"42":1,"43":0,"44":1},"f":{"0":2,"1":2,"2":2,"3":2,"4":2,"5":2,"6":2,"7":2,"8":2,"9":2,"10":0},"b":{}}
,"E:\\OTT\\Movie-Lobby-OTT-API\\auth\\auth.controller.ts": {"path":"E:\\OTT\\Movie-Lobby-OTT-API\\auth\\auth.controller.ts","statementMap":{"0":{"start":{"line":2,"column":0},"end":{"line":2,"column":31}},"1":{"start":{"line":3,"column":0},"end":{"line":3,"column":39}},"2":{"start":{"line":4,"column":18},"end":{"line":4,"column":68}},"3":{"start":{"line":6,"column":32},"end":{"line":10,"column":2}},"4":{"start":{"line":6,"column":106},"end":{"line":10,"column":2}},"5":{"start":{"line":7,"column":4},"end":{"line":9,"column":7}},"6":{"start":{"line":6,"column":13},"end":{"line":6,"column":32}},"7":{"start":{"line":11,"column":21},"end":{"line":24,"column":2}},"8":{"start":{"line":11,"column":59},"end":{"line":24,"column":2}},"9":{"start":{"line":12,"column":35},"end":{"line":12,"column":43}},"10":{"start":{"line":13,"column":4},"end":{"line":23,"column":5}},"11":{"start":{"line":14,"column":21},"end":{"line":14,"column":63}},"12":{"start":{"line":15,"column":8},"end":{"line":17,"column":9}},"13":{"start":{"line":16,"column":12},"end":{"line":16,"column":74}},"14":{"start":{"line":18,"column":22},"end":{"line":18,"column":80}},"15":{"start":{"line":19,"column":8},"end":{"line":19,"column":28}},"16":{"start":{"line":21,"column":8},"end":{"line":21,"column":29}},"17":{"start":{"line":22,"column":8},"end":{"line":22,"column":65}},"18":{"start":{"line":11,"column":13},"end":{"line":11,"column":21}}},"fnMap":{"0":{"name":"(anonymous_8)","decl":{"start":{"line":6,"column":32},"end":{"line":6,"column":39}},"loc":{"start":{"line":6,"column":106},"end":{"line":10,"column":2}}},"1":{"name":"(anonymous_9)","decl":{"start":{"line":6,"column":106},"end":{"line":6,"column":null}},"loc":{"start":{"line":6,"column":106},"end":{"line":10,"column":1}}},"2":{"name":"(anonymous_10)","decl":{"start":{"line":11,"column":21},"end":{"line":11,"column":28}},"loc":{"start":{"line":11,"column":59},"end":{"line":24,"column":2}}},"3":{"name":"(anonymous_11)","decl":{"start":{"line":11,"column":59},"end":{"line":11,"column":null}},"loc":{"start":{"line":11,"column":59},"end":{"line":24,"column":1}}}},"branchMap":{"0":{"loc":{"start":{"line":4,"column":18},"end":{"line":4,"column":68}},"type":"binary-expr","locations":[{"start":{"line":4,"column":18},"end":{"line":4,"column":44}},{"start":{"line":4,"column":48},"end":{"line":4,"column":68}}]},"1":{"loc":{"start":{"line":15,"column":8},"end":{"line":17,"column":9}},"type":"if","locations":[{"start":{"line":15,"column":8},"end":{"line":17,"column":9}}]}},"s":{"0":1,"1":1,"2":1,"3":1,"4":8,"5":8,"6":1,"7":1,"8":10,"9":10,"10":10,"11":10,"12":9,"13":1,"14":8,"15":8,"16":1,"17":1,"18":1},"f":{"0":8,"1":8,"2":10,"3":10},"b":{"0":[1,1],"1":[1]}}
,"E:\\OTT\\Movie-Lobby-OTT-API\\auth\\auth.middleware.ts": {"path":"E:\\OTT\\Movie-Lobby-OTT-API\\auth\\auth.middleware.ts","statementMap":{"0":{"start":{"line":2,"column":0},"end":{"line":2,"column":31}},"1":{"start":{"line":3,"column":18},"end":{"line":3,"column":68}},"2":{"start":{"line":5,"column":21},"end":{"line":22,"column":1}},"3":{"start":{"line":6,"column":4},"end":{"line":21,"column":6}},"4":{"start":{"line":7,"column":22},"end":{"line":7,"column":62}},"5":{"start":{"line":8,"column":8},"end":{"line":10,"column":9}},"6":{"start":{"line":9,"column":12},"end":{"line":9,"column":87}},"7":{"start":{"line":11,"column":8},"end":{"line":20,"column":11}},"8":{"start":{"line":11,"column":70},"end":{"line":20,"column":10}},"9":{"start":{"line":12,"column":12},"end":{"line":14,"column":13}},"10":{"start":{"line":13,"column":16},"end":{"line":13,"column":87}},"11":{"start":{"line":15,"column":12},"end":{"line":17,"column":13}},"12":{"start":{"line":16,"column":16},"end":{"line":16,"column":95}},"13":{"start":{"line":18,"column":12},"end":{"line":18,"column":31}},"14":{"start":{"line":19,"column":12},"end":{"line":19,"column":19}},"15":{"start":{"line":24,"column":0},"end":{"line":24,"column":28}}},"fnMap":{"0":{"name":"(anonymous_8)","decl":{"start":{"line":5,"column":21},"end":{"line":5,"column":22}},"loc":{"start":{"line":5,"column":47},"end":{"line":22,"column":1}}},"1":{"name":"(anonymous_9)","decl":{"start":{"line":6,"column":11},"end":{"line":6,"column":12}},"loc":{"start":{"line":6,"column":63},"end":{"line":21,"column":5}}},"2":{"name":"(anonymous_10)","decl":{"start":{"line":11,"column":37},"end":{"line":11,"column":44}},"loc":{"start":{"line":11,"column":70},"end":{"line":20,"column":10}}},"3":{"name":"(anonymous_11)","decl":{"start":{"line":11,"column":70},"end":{"line":11,"column":null}},"loc":{"start":{"line":11,"column":70},"end":{"line":20,"column":9}}}},"branchMap":{"0":{"loc":{"start":{"line":3,"column":18},"end":{"line":3,"column":68}},"type":"binary-expr","locations":[{"start":{"line":3,"column":18},"end":{"line":3,"column":44}},{"start":{"line":3,"column":48},"end":{"line":3,"column":68}}]},"1":{"loc":{"start":{"line":7,"column":22},"end":{"line":7,"column":62}},"type":"cond-expr","locations":[{"start":{"line":7,"column":47},"end":{"line":7,"column":49}},{"start":{"line":7,"column":47},"end":{"line":7,"column":62}}]},"2":{"loc":{"start":{"line":7,"column":22},"end":{"line":7,"column":49}},"type":"binary-expr","locations":[{"start":{"line":7,"column":22},"end":{"line":7,"column":49}},{"start":{"line":7,"column":47},"end":{"line":7,"column":49}}]},"3":{"loc":{"start":{"line":8,"column":8},"end":{"line":10,"column":9}},"type":"if","locations":[{"start":{"line":8,"column":8},"end":{"line":10,"column":9}}]},"4":{"loc":{"start":{"line":12,"column":12},"end":{"line":14,"column":13}},"type":"if","locations":[{"start":{"line":12,"column":12},"end":{"line":14,"column":13}}]},"5":{"loc":{"start":{"line":15,"column":12},"end":{"line":17,"column":13}},"type":"if","locations":[{"start":{"line":15,"column":12},"end":{"line":17,"column":13}}]},"6":{"loc":{"start":{"line":15,"column":16},"end":{"line":15,"column":61}},"type":"binary-expr","locations":[{"start":{"line":15,"column":16},"end":{"line":15,"column":28}},{"start":{"line":15,"column":32},"end":{"line":15,"column":61}}]}},"s":{"0":1,"1":1,"2":1,"3":7,"4":10,"5":10,"6":1,"7":9,"8":8,"9":8,"10":1,"11":7,"12":1,"13":6,"14":6,"15":1},"f":{"0":7,"1":10,"2":8,"3":8},"b":{"0":[1,1],"1":[1,9],"2":[10,10],"3":[1],"4":[1],"5":[1],"6":[7,7]}}
,"E:\\OTT\\Movie-Lobby-OTT-API\\model\\movie.model.ts": {"path":"E:\\OTT\\Movie-Lobby-OTT-API\\model\\movie.model.ts","statementMap":{"0":{"start":{"line":1,"column":0},"end":{"line":1,"column":54}},"1":{"start":{"line":10,"column":20},"end":{"line":15,"column":2}},"2":{"start":{"line":17,"column":19},"end":{"line":17,"column":62}},"3":{"start":{"line":19,"column":0},"end":{"line":19,"column":26}}},"fnMap":{},"branchMap":{},"s":{"0":1,"1":1,"2":1,"3":1},"f":{},"b":{}}
,"E:\\OTT\\Movie-Lobby-OTT-API\\model\\user.model.ts": {"path":"E:\\OTT\\Movie-Lobby-OTT-API\\model\\user.model.ts","statementMap":{"0":{"start":{"line":1,"column":0},"end":{"line":1,"column":54}},"1":{"start":{"line":9,"column":19},"end":{"line":13,"column":2}},"2":{"start":{"line":15,"column":18},"end":{"line":15,"column":58}},"3":{"start":{"line":17,"column":0},"end":{"line":17,"column":25}}},"fnMap":{},"branchMap":{},"s":{"0":1,"1":1,"2":1,"3":1},"f":{},"b":{}}
}
