TN:
SF:index.ts
FN:23,(anonymous_8)
FN:23,(anonymous_9)
FN:33,(anonymous_10)
FN:33,(anonymous_11)
FN:48,(anonymous_12)
FN:48,(anonymous_13)
FN:57,(anonymous_14)
FN:57,(anonymous_15)
FN:70,(anonymous_16)
FN:70,(anonymous_17)
FN:80,(anonymous_18)
FNF:11
FNH:10
FNDA:2,(anonymous_8)
FNDA:2,(anonymous_9)
FNDA:2,(anonymous_10)
FNDA:2,(anonymous_11)
FNDA:2,(anonymous_12)
FNDA:2,(anonymous_13)
FNDA:2,(anonymous_14)
FNDA:2,(anonymous_15)
FNDA:2,(anonymous_16)
FNDA:2,(anonymous_17)
FNDA:0,(anonymous_18)
DA:1,1
DA:2,1
DA:3,1
DA:4,1
DA:5,1
DA:6,1
DA:8,1
DA:9,1
DA:11,1
DA:14,1
DA:20,1
DA:23,2
DA:24,2
DA:25,2
DA:26,1
DA:28,1
DA:33,2
DA:34,2
DA:35,2
DA:36,2
DA:42,1
DA:44,1
DA:48,2
DA:49,2
DA:50,2
DA:51,1
DA:53,1
DA:57,2
DA:58,2
DA:59,2
DA:64,1
DA:66,1
DA:70,2
DA:71,2
DA:72,2
DA:73,1
DA:75,1
DA:80,1
DA:81,0
DA:84,1
LF:40
LH:39
BRF:0
BRH:0
end_of_record
TN:
SF:auth\auth.controller.ts
FN:6,(anonymous_8)
FN:6,(anonymous_9)
FN:11,(anonymous_10)
FN:11,(anonymous_11)
FNF:4
FNH:4
FNDA:8,(anonymous_8)
FNDA:8,(anonymous_9)
FNDA:10,(anonymous_10)
FNDA:10,(anonymous_11)
DA:2,1
DA:3,1
DA:4,1
DA:6,8
DA:7,8
DA:11,10
DA:12,10
DA:13,10
DA:14,10
DA:15,9
DA:16,1
DA:18,8
DA:19,8
DA:21,1
DA:22,1
LF:15
LH:15
BRDA:4,0,0,1
BRDA:4,0,1,1
BRDA:15,1,0,1
BRF:3
BRH:3
end_of_record
TN:
SF:auth\auth.middleware.ts
FN:5,(anonymous_8)
FN:6,(anonymous_9)
FN:11,(anonymous_10)
FN:11,(anonymous_11)
FNF:4
FNH:4
FNDA:7,(anonymous_8)
FNDA:10,(anonymous_9)
FNDA:8,(anonymous_10)
FNDA:8,(anonymous_11)
DA:2,1
DA:3,1
DA:5,1
DA:6,7
DA:7,10
DA:8,10
DA:9,1
DA:11,9
DA:12,8
DA:13,1
DA:15,7
DA:16,1
DA:18,6
DA:19,6
DA:24,1
LF:15
LH:15
BRDA:3,0,0,1
BRDA:3,0,1,1
BRDA:7,1,0,1
BRDA:7,1,1,9
BRDA:7,2,0,10
BRDA:7,2,1,10
BRDA:8,3,0,1
BRDA:12,4,0,1
BRDA:15,5,0,1
BRDA:15,6,0,7
BRDA:15,6,1,7
BRF:11
BRH:11
end_of_record
TN:
SF:model\movie.model.ts
FNF:0
FNH:0
DA:1,1
DA:10,1
DA:17,1
DA:19,1
LF:4
LH:4
BRF:0
BRH:0
end_of_record
TN:
SF:model\user.model.ts
FNF:0
FNH:0
DA:1,1
DA:9,1
DA:15,1
DA:17,1
LF:4
LH:4
BRF:0
BRH:0
end_of_record
